<?xml version="1.0" encoding="UTF-8"?>
<robot generator="Robot 3.2.2 (Python 3.7.4 on win32)" generated="20210309 18:37:24.985" rpa="false">
<suite id="s1" name="Login Test" source="E:\practo_assignment\robot_automation\test_case\login_test.robot">
<test id="s1-t1" name="LoginTest">
<kw name="Open Browser" library="SeleniumLibrary">
<doc>Opens a new browser instance to the optional ``url``.</doc>
<arguments>
<arg>${URL}</arg>
<arg>${BROWSER}</arg>
</arguments>
<msg timestamp="20210309 18:37:25.543" level="INFO">Opening browser 'chrome' to base url 'https://www.practo.com/'.</msg>
<status status="PASS" starttime="20210309 18:37:25.542" endtime="20210309 18:37:31.259"></status>
</kw>
<kw name="LoginToPracto">
<kw name="Click Link" library="SeleniumLibrary">
<doc>Clicks a link identified by ``locator``.</doc>
<arguments>
<arg>xpath://*[@id="root"]/div/div/div[1]/div[1]/div[2]/div/div[3]/div[3]/span/a</arg>
</arguments>
<msg timestamp="20210309 18:37:31.264" level="INFO">Clicking link 'xpath://*[@id="root"]/div/div/div[1]/div[1]/div[2]/div/div[3]/div[3]/span/a'.</msg>
<status status="PASS" starttime="20210309 18:37:31.263" endtime="20210309 18:37:36.071"></status>
</kw>
<kw name="Input Text" library="SeleniumLibrary">
<doc>Types the given ``text`` into the text field identified by ``locator``.</doc>
<arguments>
<arg>id:username</arg>
<arg>your_email</arg>
</arguments>
<msg timestamp="20210309 18:37:36.072" level="INFO">Typing text 'your_email' into text field 'id:username'.</msg>
<status status="PASS" starttime="20210309 18:37:36.072" endtime="20210309 18:37:36.238"></status>
</kw>
<kw name="Input Text" library="SeleniumLibrary">
<doc>Types the given ``text`` into the text field identified by ``locator``.</doc>
<arguments>
<arg>id:password</arg>
<arg>your_password</arg>
</arguments>
<msg timestamp="20210309 18:37:36.239" level="INFO">Typing text 'your_password' into text field 'id:password'.</msg>
<status status="PASS" starttime="20210309 18:37:36.238" endtime="20210309 18:37:36.408"></status>
</kw>
<kw name="Click Element" library="SeleniumLibrary">
<doc>Click the element identified by ``locator``.</doc>
<arguments>
<arg>id:login</arg>
</arguments>
<msg timestamp="20210309 18:37:36.410" level="INFO">Clicking element 'id:login'.</msg>
<status status="PASS" starttime="20210309 18:37:36.409" endtime="20210309 18:37:37.293"></status>
</kw>
<status status="PASS" starttime="20210309 18:37:31.261" endtime="20210309 18:37:37.294"></status>
</kw>
<kw name="Close Browser" library="SeleniumLibrary">
<doc>Closes the current browser.</doc>
<status status="PASS" starttime="20210309 18:37:37.294" endtime="20210309 18:37:40.296"></status>
</kw>
<status status="PASS" starttime="20210309 18:37:25.541" endtime="20210309 18:37:40.298" critical="yes"></status>
</test>
<status status="PASS" starttime="20210309 18:37:24.991" endtime="20210309 18:37:40.303"></status>
</suite>
<statistics>
<total>
<stat pass="1" fail="0">Critical Tests</stat>
<stat pass="1" fail="0">All Tests</stat>
</total>
<tag>
</tag>
<suite>
<stat pass="1" fail="0" id="s1" name="Login Test">Login Test</stat>
</suite>
</statistics>
<errors>
</errors>
</robot>
